[INFO] Scanning for projects...
[INFO] 
[INFO] ------------------------< io.reflectoring:demo >------------------------
[INFO] Building demo 0.0.1-SNAPSHOT
[INFO]   from pom.xml
[INFO] --------------------------------[ jar ]---------------------------------
[INFO] 
[INFO] --- resources:3.3.1:resources (default-resources) @ demo ---
[INFO] Copying 1 resource from src\main\resources to target\classes
[INFO] Copying 0 resource from src\main\resources to target\classes
[INFO] 
[INFO] --- compiler:3.11.0:compile (default-compile) @ demo ---
[INFO] Nothing to compile - all classes are up to date
[INFO] 
[INFO] --- resources:3.3.1:testResources (default-testResources) @ demo ---
[INFO] Copying 1 resource from src\test\resources to target\test-classes
[INFO] 
[INFO] --- compiler:3.11.0:testCompile (default-testCompile) @ demo ---
[INFO] Nothing to compile - all classes are up to date
[INFO] 
[INFO] --- surefire:3.1.2:test (default-test) @ demo ---
[INFO] Using auto detected provider org.apache.maven.surefire.junitplatform.JUnitPlatformProvider
[INFO] 
[INFO] -------------------------------------------------------
[INFO]  T E S T S
[INFO] -------------------------------------------------------
[INFO] Running io.reflectoring.demo.service.DisasterEventServiceTest
WARNING: A Java agent has been loaded dynamically (C:\Users\HP\.m2\repository\net\bytebuddy\byte-buddy-agent\1.14.11\byte-buddy-agent-1.14.11.jar)
WARNING: If a serviceability tool is in use, please run with -XX:+EnableDynamicAgentLoading to hide this warning
WARNING: If a serviceability tool is not in use, please run with -Djdk.instrument.traceUsage for more information
WARNING: Dynamic loading of agents will be disallowed by default in a future release
10:45:15.516 [main] INFO io.reflectoring.demo.service.DisasterEventService -- Help requested by user: citizen@test.com
10:45:15.571 [main] INFO io.reflectoring.demo.service.DisasterEventService -- Event 10 rejected by admin@test.com
10:45:15.608 [main] INFO io.reflectoring.demo.service.DisasterEventService -- Event 10 approved by admin admin@test.com ? sent to responder
10:45:15.609 [main] INFO io.reflectoring.demo.service.DisasterEventService -- Event 10 forwarded to responders via /topic/responder-alerts
10:45:15.619 [main] INFO io.reflectoring.demo.service.DisasterEventService -- Event 10 approved by admin admin@test.com ? sent to responder
10:45:15.620 [main] INFO io.reflectoring.demo.service.DisasterEventService -- Event 10 forwarded to responders via /topic/responder-alerts
10:45:15.627 [main] INFO io.reflectoring.demo.service.DisasterEventService -- Event 10 rejected by admin@test.com
[INFO] Tests run: 7, Failures: 0, Errors: 0, Skipped: 0, Time elapsed: 2.560 s -- in io.reflectoring.demo.service.DisasterEventServiceTest
[INFO] 
[INFO] Results:
[INFO] 
[INFO] Tests run: 7, Failures: 0, Errors: 0, Skipped: 0
[INFO] 
[INFO] ------------------------------------------------------------------------
[INFO] BUILD SUCCESS
[INFO] ------------------------------------------------------------------------
[INFO] Total time:  8.821 s
[INFO] Finished at: 2026-03-02T10:45:15+05:30
[INFO] ------------------------------------------------------------------------
