[INFO] Scanning for projects...
[INFO] 
[INFO] ------------------------< io.reflectoring:demo >------------------------
[INFO] Building demo 0.0.1-SNAPSHOT
[INFO]   from pom.xml
[INFO] --------------------------------[ jar ]---------------------------------
[INFO] 
[INFO] --- resources:3.3.1:resources (default-resources) @ demo ---
[INFO] Copying 1 resource from src\main\resources to target\classes
[INFO] Copying 0 resource from src\main\resources to target\classes
[INFO] 
[INFO] --- compiler:3.11.0:compile (default-compile) @ demo ---
[INFO] Changes detected - recompiling the module! :source
[INFO] Compiling 45 source files with javac [debug release 21] to target\classes
[INFO] -------------------------------------------------------------
[ERROR] COMPILATION ERROR : 
[INFO] -------------------------------------------------------------
[ERROR] /C:/Users/HP/Documents/Disaster management and alert system/backend/demo/src/main/java/io/reflectoring/demo/repository/RescueTaskRepository.java:[7,61] cannot find symbol
  symbol: class RescueTask
[ERROR] /C:/Users/HP/Documents/Disaster management and alert system/backend/demo/src/main/java/io/reflectoring/demo/repository/RescueTaskRepository.java:[8,10] cannot find symbol
  symbol:   class RescueTask
  location: interface io.reflectoring.demo.repository.RescueTaskRepository
[ERROR] /C:/Users/HP/Documents/Disaster management and alert system/backend/demo/src/main/java/io/reflectoring/demo/repository/RescueTaskRepository.java:[10,10] cannot find symbol
  symbol:   class RescueTask
  location: interface io.reflectoring.demo.repository.RescueTaskRepository
[INFO] 3 errors 
[INFO] -------------------------------------------------------------
[INFO] ------------------------------------------------------------------------
[INFO] BUILD FAILURE
[INFO] ------------------------------------------------------------------------
[INFO] Total time:  11.199 s
[INFO] Finished at: 2026-03-02T10:37:24+05:30
[INFO] ------------------------------------------------------------------------
[ERROR] Failed to execute goal org.apache.maven.plugins:maven-compiler-plugin:3.11.0:compile (default-compile) on project demo: Compilation failure: Compilation failure: 
[ERROR] /C:/Users/HP/Documents/Disaster management and alert system/backend/demo/src/main/java/io/reflectoring/demo/repository/RescueTaskRepository.java:[7,61] cannot find symbol
[ERROR]   symbol: class RescueTask
[ERROR] /C:/Users/HP/Documents/Disaster management and alert system/backend/demo/src/main/java/io/reflectoring/demo/repository/RescueTaskRepository.java:[8,10] cannot find symbol
[ERROR]   symbol:   class RescueTask
[ERROR]   location: interface io.reflectoring.demo.repository.RescueTaskRepository
[ERROR] /C:/Users/HP/Documents/Disaster management and alert system/backend/demo/src/main/java/io/reflectoring/demo/repository/RescueTaskRepository.java:[10,10] cannot find symbol
[ERROR]   symbol:   class RescueTask
[ERROR]   location: interface io.reflectoring.demo.repository.RescueTaskRepository
[ERROR] -> [Help 1]
[ERROR] 
[ERROR] To see the full stack trace of the errors, re-run Maven with the -e switch.
[ERROR] Re-run Maven using the -X switch to enable full debug logging.
[ERROR] 
[ERROR] For more information about the errors and possible solutions, please read the following articles:
[ERROR] [Help 1] http://cwiki.apache.org/confluence/display/MAVEN/MojoFailureException
