[INFO] Scanning for projects...
[INFO] 
[INFO] ------------------------< io.reflectoring:demo >------------------------
[INFO] Building demo 0.0.1-SNAPSHOT
[INFO]   from pom.xml
[INFO] --------------------------------[ jar ]---------------------------------
[INFO] 
[INFO] --- resources:3.3.1:resources (default-resources) @ demo ---
[INFO] Copying 1 resource from src\main\resources to target\classes
[INFO] Copying 0 resource from src\main\resources to target\classes
[INFO] 
[INFO] --- compiler:3.11.0:compile (default-compile) @ demo ---
[INFO] Nothing to compile - all classes are up to date
[INFO] 
[INFO] --- resources:3.3.1:testResources (default-testResources) @ demo ---
[INFO] Copying 1 resource from src\test\resources to target\test-classes
[INFO] 
[INFO] --- compiler:3.11.0:testCompile (default-testCompile) @ demo ---
[INFO] Nothing to compile - all classes are up to date
[INFO] 
[INFO] --- surefire:3.1.2:test (default-test) @ demo ---
[INFO] Using auto detected provider org.apache.maven.surefire.junitplatform.JUnitPlatformProvider
[INFO] 
[INFO] -------------------------------------------------------
[INFO]  T E S T S
[INFO] -------------------------------------------------------
[INFO] Running io.reflectoring.demo.ApplicationTest
[INFO] Tests run: 1, Failures: 0, Errors: 0, Skipped: 0, Time elapsed: 0.146 s -- in io.reflectoring.demo.ApplicationTest
[INFO] Running io.reflectoring.demo.scheduler.DisasterApiSchedulerTest
WARNING: A Java agent has been loaded dynamically (C:\Users\HP\.m2\repository\net\bytebuddy\byte-buddy-agent\1.14.11\byte-buddy-agent-1.14.11.jar)
WARNING: If a serviceability tool is in use, please run with -XX:+EnableDynamicAgentLoading to hide this warning
WARNING: If a serviceability tool is not in use, please run with -Djdk.instrument.traceUsage for more information
WARNING: Dynamic loading of agents will be disallowed by default in a future release
10:41:34.201 [main] INFO io.reflectoring.demo.scheduler.DisasterApiScheduler -- Starting scheduled disaster data fetch...
10:41:34.217 [main] INFO io.reflectoring.demo.scheduler.DisasterApiScheduler -- CRITICAL event 'Major Earthquake M7.5' auto-broadcast to citizens (status=ACTIVE)
10:41:34.224 [main] INFO io.reflectoring.demo.scheduler.DisasterApiScheduler -- Completed disaster data fetch.
10:41:34.260 [main] INFO io.reflectoring.demo.scheduler.DisasterApiScheduler -- Starting scheduled disaster data fetch...
10:41:34.260 [main] INFO io.reflectoring.demo.scheduler.DisasterApiScheduler -- Event 'Earthquake M5.0' (severity: MEDIUM) ? PENDING_VERIFICATION for admin review
10:41:34.263 [main] INFO io.reflectoring.demo.scheduler.DisasterApiScheduler -- Event 'Severe Storm' (severity: HIGH) ? PENDING_VERIFICATION for admin review
10:41:34.264 [main] INFO io.reflectoring.demo.scheduler.DisasterApiScheduler -- Completed disaster data fetch.
10:41:34.274 [main] INFO io.reflectoring.demo.scheduler.DisasterApiScheduler -- Starting scheduled disaster data fetch...
10:41:34.275 [main] INFO io.reflectoring.demo.scheduler.DisasterApiScheduler -- Completed disaster data fetch.
[INFO] Tests run: 3, Failures: 0, Errors: 0, Skipped: 0, Time elapsed: 2.733 s -- in io.reflectoring.demo.scheduler.DisasterApiSchedulerTest
[INFO] Running io.reflectoring.demo.service.DisasterCategorizationServiceTest
[INFO] Tests run: 18, Failures: 0, Errors: 0, Skipped: 0, Time elapsed: 0.105 s -- in io.reflectoring.demo.service.DisasterCategorizationServiceTest
[INFO] Running io.reflectoring.demo.service.DisasterEventServiceTest
10:41:34.678 [main] INFO io.reflectoring.demo.service.DisasterEventService -- Help requested by user: citizen@test.com
10:41:34.718 [main] INFO io.reflectoring.demo.service.DisasterEventService -- Event 10 rejected by admin@test.com
10:41:34.739 [main] INFO io.reflectoring.demo.service.DisasterEventService -- Event 10 approved by admin admin@test.com ? sent to responder
10:41:34.740 [main] INFO io.reflectoring.demo.service.DisasterEventService -- Event 10 forwarded to responders via /topic/responder-alerts
10:41:34.804 [main] INFO io.reflectoring.demo.service.DisasterEventService -- Event 10 approved by admin admin@test.com ? sent to responder
10:41:34.805 [main] INFO io.reflectoring.demo.service.DisasterEventService -- Event 10 forwarded to responders via /topic/responder-alerts
10:41:34.815 [main] INFO io.reflectoring.demo.service.DisasterEventService -- Event 10 rejected by admin@test.com
[ERROR] Tests run: 7, Failures: 3, Errors: 1, Skipped: 0, Time elapsed: 0.364 s <<< FAILURE! -- in io.reflectoring.demo.service.DisasterEventServiceTest
[ERROR] io.reflectoring.demo.service.DisasterEventServiceTest.testRequestHelp_createsRescueTask -- Time elapsed: 0.237 s <<< ERROR!
java.lang.NullPointerException
	at java.base/java.util.Objects.requireNonNull(Objects.java:233)
	at java.base/java.util.ImmutableCollections$MapN.<init>(ImmutableCollections.java:1193)
	at java.base/java.util.Map.of(Map.java:1457)
	at io.reflectoring.demo.service.DisasterEventService.requestHelp(DisasterEventService.java:154)
	at io.reflectoring.demo.service.DisasterEventServiceTest.testRequestHelp_createsRescueTask(DisasterEventServiceTest.java:162)
	at java.base/java.lang.reflect.Method.invoke(Method.java:580)
	at java.base/java.util.ArrayList.forEach(ArrayList.java:1596)
	at java.base/java.util.ArrayList.forEach(ArrayList.java:1596)

[ERROR] io.reflectoring.demo.service.DisasterEventServiceTest.testApproveEvent_broadcastsToWebSocket -- Time elapsed: 0.063 s <<< FAILURE!
Argument(s) are different! Wanted:
simpMessagingTemplate.convertAndSend(
    "/topic/alerts",
    <any io.reflectoring.demo.dto.DisasterEventDTO>
);
-> at io.reflectoring.demo.service.DisasterEventServiceTest.testApproveEvent_broadcastsToWebSocket(DisasterEventServiceTest.java:107)
Actual invocations have different arguments at position [0]:
simpMessagingTemplate.convertAndSend(
    "/topic/responder-alerts",
    DisasterEventDTO(id=10, title=Test Earthquake, description=Magnitude 6.5 earthquake near test city, disasterType=EARTHQUAKE, severity=HIGH, region=null, locationName=null, latitude=null, longitude=null, status=SENT_TO_RESPONDER, eventTime=null, createdAt=2026-03-02T10:41:34.736614500, pendingSince=null, verifiedBy=admin@test.com, verifiedAt=2026-03-02T10:41:34.739625400, rejectionReason=null)
);
-> at io.reflectoring.demo.service.DisasterEventService.approveEvent(DisasterEventService.java:87)

	at io.reflectoring.demo.service.DisasterEventServiceTest.testApproveEvent_broadcastsToWebSocket(DisasterEventServiceTest.java:107)
	at java.base/java.lang.reflect.Method.invoke(Method.java:580)
	at java.base/java.util.ArrayList.forEach(ArrayList.java:1596)
	at java.base/java.util.ArrayList.forEach(ArrayList.java:1596)

[ERROR] io.reflectoring.demo.service.DisasterEventServiceTest.testApproveEvent_setsVerifiedStatus -- Time elapsed: 0.009 s <<< FAILURE!
org.opentest4j.AssertionFailedError: expected: <VERIFIED> but was: <SENT_TO_RESPONDER>
	at org.junit.jupiter.api.AssertionFailureBuilder.build(AssertionFailureBuilder.java:151)
	at org.junit.jupiter.api.AssertionFailureBuilder.buildAndThrow(AssertionFailureBuilder.java:132)
	at org.junit.jupiter.api.AssertEquals.failNotEqual(AssertEquals.java:197)
	at org.junit.jupiter.api.AssertEquals.assertEquals(AssertEquals.java:182)
	at org.junit.jupiter.api.AssertEquals.assertEquals(AssertEquals.java:177)
	at org.junit.jupiter.api.Assertions.assertEquals(Assertions.java:1145)
	at io.reflectoring.demo.service.DisasterEventServiceTest.testApproveEvent_setsVerifiedStatus(DisasterEventServiceTest.java:89)
	at java.base/java.lang.reflect.Method.invoke(Method.java:580)
	at java.base/java.util.ArrayList.forEach(ArrayList.java:1596)
	at java.base/java.util.ArrayList.forEach(ArrayList.java:1596)

[ERROR] io.reflectoring.demo.service.DisasterEventServiceTest.testRejectEvent_setsRejectedStatus -- Time elapsed: 0.009 s <<< FAILURE!
org.opentest4j.AssertionFailedError: expected: io.reflectoring.demo.entity.AlertStatus@2459319c<REJECTED> but was: java.lang.String@ffaaaf0<REJECTED>
	at org.junit.jupiter.api.AssertionFailureBuilder.build(AssertionFailureBuilder.java:151)
	at org.junit.jupiter.api.AssertionFailureBuilder.buildAndThrow(AssertionFailureBuilder.java:132)
	at org.junit.jupiter.api.AssertEquals.failNotEqual(AssertEquals.java:197)
	at org.junit.jupiter.api.AssertEquals.assertEquals(AssertEquals.java:182)
	at org.junit.jupiter.api.AssertEquals.assertEquals(AssertEquals.java:177)
	at org.junit.jupiter.api.Assertions.assertEquals(Assertions.java:1145)
	at io.reflectoring.demo.service.DisasterEventServiceTest.testRejectEvent_setsRejectedStatus(DisasterEventServiceTest.java:129)
	at java.base/java.lang.reflect.Method.invoke(Method.java:580)
	at java.base/java.util.ArrayList.forEach(ArrayList.java:1596)
	at java.base/java.util.ArrayList.forEach(ArrayList.java:1596)

[INFO] 
[INFO] Results:
[INFO] 
[ERROR] Failures: 
[ERROR]   DisasterEventServiceTest.testApproveEvent_broadcastsToWebSocket:107 
Argument(s) are different! Wanted:
simpMessagingTemplate.convertAndSend(
    "/topic/alerts",
    <any io.reflectoring.demo.dto.DisasterEventDTO>
);
-> at io.reflectoring.demo.service.DisasterEventServiceTest.testApproveEvent_broadcastsToWebSocket(DisasterEventServiceTest.java:107)
Actual invocations have different arguments at position [0]:
simpMessagingTemplate.convertAndSend(
    "/topic/responder-alerts",
    DisasterEventDTO(id=10, title=Test Earthquake, description=Magnitude 6.5 earthquake near test city, disasterType=EARTHQUAKE, severity=HIGH, region=null, locationName=null, latitude=null, longitude=null, status=SENT_TO_RESPONDER, eventTime=null, createdAt=2026-03-02T10:41:34.736614500, pendingSince=null, verifiedBy=admin@test.com, verifiedAt=2026-03-02T10:41:34.739625400, rejectionReason=null)
);
-> at io.reflectoring.demo.service.DisasterEventService.approveEvent(DisasterEventService.java:87)

[ERROR]   DisasterEventServiceTest.testApproveEvent_setsVerifiedStatus:89 expected: <VERIFIED> but was: <SENT_TO_RESPONDER>
[ERROR]   DisasterEventServiceTest.testRejectEvent_setsRejectedStatus:129 expected: io.reflectoring.demo.entity.AlertStatus@2459319c<REJECTED> but was: java.lang.String@ffaaaf0<REJECTED>
[ERROR] Errors: 
[ERROR]   DisasterEventServiceTest.testRequestHelp_createsRescueTask:162 » NullPointer
[INFO] 
[ERROR] Tests run: 29, Failures: 3, Errors: 1, Skipped: 0
[INFO] 
[INFO] ------------------------------------------------------------------------
[INFO] BUILD FAILURE
[INFO] ------------------------------------------------------------------------
[INFO] Total time:  10.177 s
[INFO] Finished at: 2026-03-02T10:41:34+05:30
[INFO] ------------------------------------------------------------------------
[ERROR] Failed to execute goal org.apache.maven.plugins:maven-surefire-plugin:3.1.2:test (default-test) on project demo: There are test failures.
[ERROR] 
[ERROR] Please refer to C:\Users\HP\Documents\Disaster management and alert system\backend\demo\target\surefire-reports for the individual test results.
[ERROR] Please refer to dump files (if any exist) [date].dump, [date]-jvmRun[N].dump and [date].dumpstream.
[ERROR] -> [Help 1]
[ERROR] 
[ERROR] To see the full stack trace of the errors, re-run Maven with the -e switch.
[ERROR] Re-run Maven using the -X switch to enable full debug logging.
[ERROR] 
[ERROR] For more information about the errors and possible solutions, please read the following articles:
[ERROR] [Help 1] http://cwiki.apache.org/confluence/display/MAVEN/MojoFailureException
