[INFO] Scanning for projects...
[INFO] 
[INFO] ------------------------< io.reflectoring:demo >------------------------
[INFO] Building demo 0.0.1-SNAPSHOT
[INFO]   from pom.xml
[INFO] --------------------------------[ jar ]---------------------------------
[INFO] 
[INFO] --- resources:3.3.1:resources (default-resources) @ demo ---
[INFO] Copying 1 resource from src\main\resources to target\classes
[INFO] Copying 0 resource from src\main\resources to target\classes
[INFO] 
[INFO] --- compiler:3.11.0:compile (default-compile) @ demo ---
[INFO] Changes detected - recompiling the module! :source
[INFO] Compiling 45 source files with javac [debug release 21] to target\classes
[INFO] /C:/Users/HP/Documents/Disaster management and alert system/backend/demo/src/main/java/io/reflectoring/demo/client/NasaEonetClient.java: C:\Users\HP\Documents\Disaster management and alert system\backend\demo\src\main\java\io\reflectoring\demo\client\NasaEonetClient.java uses unchecked or unsafe operations.
[INFO] /C:/Users/HP/Documents/Disaster management and alert system/backend/demo/src/main/java/io/reflectoring/demo/client/NasaEonetClient.java: Recompile with -Xlint:unchecked for details.
[INFO] 
[INFO] --- resources:3.3.1:testResources (default-testResources) @ demo ---
[INFO] Copying 1 resource from src\test\resources to target\test-classes
[INFO] 
[INFO] --- compiler:3.11.0:testCompile (default-testCompile) @ demo ---
[INFO] Changes detected - recompiling the module! :dependency
[INFO] Compiling 4 source files with javac [debug release 21] to target\test-classes
[INFO] ------------------------------------------------------------------------
[INFO] BUILD SUCCESS
[INFO] ------------------------------------------------------------------------
[INFO] Total time:  15.856 s
[INFO] Finished at: 2026-03-02T10:40:51+05:30
[INFO] ------------------------------------------------------------------------
