#
# There is insufficient memory for the Java Runtime Environment to continue.
# Native memory allocation (mmap) failed to map 65536 bytes. Error detail: Failed to commit metaspace.
# Possible reasons:
#   The system is out of physical RAM or swap space
#   This process is running with CompressedOops enabled, and the Java Heap may be blocking the growth of the native heap
# Possible solutions:
#   Reduce memory load on the system
#   Increase physical memory or swap space
#   Check if swap backing store is full
#   Decrease Java heap size (-Xmx/-Xms)
#   Decrease number of Java threads
#   Decrease Java thread stack sizes (-Xss)
#   Set larger code cache with -XX:ReservedCodeCacheSize=
#   JVM is running with Unscaled Compressed Oops mode in which the Java heap is
#     placed in the first 4GB address space. The Java Heap base address is the
#     maximum limit for the native heap growth. Please use -XX:HeapBaseMinAddress
#     to set the Java Heap base and to place the Java Heap above 4GB virtual address.
# This output file may be truncated or incomplete.
#
#  Out of Memory Error (virtualSpaceNode.cpp:113), pid=2500, tid=19360
#
# JRE version: OpenJDK Runtime Environment Temurin-21.0.9+10 (21.0.9+10) (build 21.0.9+10-LTS)
# Java VM: OpenJDK 64-Bit Server VM Temurin-21.0.9+10 (21.0.9+10-LTS, mixed mode, sharing, tiered, compressed oops, compressed class ptrs, parallel gc, windows-amd64)
# No core dump will be written. Minidumps are not enabled by default on client versions of Windows
#

---------------  S U M M A R Y ------------

Command Line: --add-modules=ALL-SYSTEM --add-opens=java.base/java.util=ALL-UNNAMED --add-opens=java.base/java.lang=ALL-UNNAMED --add-opens=java.base/sun.nio.fs=ALL-UNNAMED -Declipse.application=org.eclipse.jdt.ls.core.id1 -Dosgi.bundles.defaultStartLevel=4 -Declipse.product=org.eclipse.jdt.ls.core.product -Djava.import.generatesMetadataFilesAtProjectRoot=false -DDetectVMInstallationsJob.disabled=true -Dfile.encoding=utf8 -XX:+UseParallelGC -XX:GCTimeRatio=4 -XX:AdaptiveSizePolicyWeight=90 -Dsun.zip.disableMemoryMapping=true -Xmx2G -Xms100m -Xlog:disable -javaagent:c:\Users\HP\.antigravity\extensions\redhat.java-1.52.0-win32-x64\lombok\lombok-1.18.39-4050.jar c:\Users\HP\.antigravity\extensions\redhat.java-1.52.0-win32-x64\server\plugins\org.eclipse.equinox.launcher_1.7.100.v20251111-0406.jar -configuration c:\Users\HP\AppData\Roaming\Antigravity\User\globalStorage\redhat.java\1.52.0\config_ss_win -data c:\Users\HP\AppData\Roaming\Antigravity\User\workspaceStorage\08e2c12bba08467b2caabdd76bf546a4\redhat.java\ss_ws --pipe=\\.\pipe\lsp-bcc52196f310688f4367aadea8e996db-sock

Host: AMD Ryzen 5 PRO 3500U w/ Radeon Vega Mobile Gfx, 8 cores, 13G,  Windows 11 , 64 bit Build 26100 (10.0.26100.7705)
Time: Wed Feb 11 18:16:31 2026 India Standard Time elapsed time: 2.641546 seconds (0d 0h 0m 2s)

---------------  T H R E A D  ---------------

Current thread (0x00000235acab9ed0):  JavaThread "main"             [_thread_in_vm, id=19360, stack(0x000000738d800000,0x000000738d900000) (1024K)]

Stack: [0x000000738d800000,0x000000738d900000]
Native frames: (J=compiled Java code, j=interpreted, Vv=VM code, C=native code)
V  [jvm.dll+0x6d6e29]
V  [jvm.dll+0x8b4b76]
V  [jvm.dll+0x8b712e]
V  [jvm.dll+0x8b7813]
V  [jvm.dll+0x283d86]
V  [jvm.dll+0x8b08be]
V  [jvm.dll+0x678824]
V  [jvm.dll+0x67888a]
V  [jvm.dll+0x67b086]
V  [jvm.dll+0x67af52]
V  [jvm.dll+0x6791fe]
V  [jvm.dll+0x26dc30]
V  [jvm.dll+0x683525]
V  [jvm.dll+0x21937e]
V  [jvm.dll+0x219825]
V  [jvm.dll+0x21a218]
V  [jvm.dll+0x20f44e]
V  [jvm.dll+0x5b5a0f]
V  [jvm.dll+0x2210ce]
V  [jvm.dll+0x82d53d]
V  [jvm.dll+0x82e56b]
V  [jvm.dll+0x82eb34]
V  [jvm.dll+0x82e7c8]
V  [jvm.dll+0x2716ad]
V  [jvm.dll+0x2718ea]
V  [jvm.dll+0x5d8be7]
V  [jvm.dll+0x5dbbd6]
V  [jvm.dll+0x3e03f2]
V  [jvm.dll+0x3dfaaa]
C  0x00000235b7208095

The last pc belongs to invokestatic (printed below).
Java frames: (J=compiled Java code, j=interpreted, Vv=VM code)
j  sun.security.pkcs.ContentInfo.<clinit>()V+3 java.base@21.0.9
v  ~StubRoutines::call_stub 0x00000235b71f100d
j  sun.security.pkcs.PKCS7.parse(Lsun/security/util/DerInputStream;Z)V+0 java.base@21.0.9
j  sun.security.pkcs.PKCS7.parse(Lsun/security/util/DerInputStream;)V+11 java.base@21.0.9
j  sun.security.pkcs.PKCS7.<init>([B)V+50 java.base@21.0.9
j  sun.security.util.SignatureFileVerifier.<init>(Ljava/util/ArrayList;Lsun/security/util/ManifestDigester;Ljava/lang/String;[B)V+35 java.base@21.0.9
j  java.util.jar.JarVerifier.processEntry(Lsun/security/util/ManifestEntryVerifier;)V+319 java.base@21.0.9
j  java.util.jar.JarVerifier.update(I[BIILsun/security/util/ManifestEntryVerifier;)V+39 java.base@21.0.9
j  java.util.jar.JarFile.initializeVerifier()V+164 java.base@21.0.9
j  java.util.jar.JarFile.ensureInitialization()V+36 java.base@21.0.9
j  java.util.jar.JavaUtilJarAccessImpl.ensureInitialization(Ljava/util/jar/JarFile;)V+1 java.base@21.0.9
j  jdk.internal.loader.URLClassPath$JarLoader$2.getManifest()Ljava/util/jar/Manifest;+10 java.base@21.0.9
j  jdk.internal.loader.BuiltinClassLoader.defineClass(Ljava/lang/String;Ljdk/internal/loader/Resource;)Ljava/lang/Class;+29 java.base@21.0.9
j  jdk.internal.loader.BuiltinClassLoader.findClassOnClassPathOrNull(Ljava/lang/String;)Ljava/lang/Class;+37 java.base@21.0.9
j  jdk.internal.loader.BuiltinClassLoader.loadClassOrNull(Ljava/lang/String;Z)Ljava/lang/Class;+111 java.base@21.0.9
j  jdk.internal.loader.BuiltinClassLoader.loadClass(Ljava/lang/String;Z)Ljava/lang/Class;+3 java.base@21.0.9
j  jdk.internal.loader.ClassLoaders$AppClassLoader.loadClass(Ljava/lang/String;Z)Ljava/lang/Class;+36 java.base@21.0.9
j  java.lang.ClassLoader.loadClass(Ljava/lang/String;)Ljava/lang/Class;+3 java.base@21.0.9
v  ~StubRoutines::call_stub 0x00000235b71f100d
j  java.lang.Class.forName0(Ljava/lang/String;ZLjava/lang/ClassLoader;Ljava/lang/Class;)Ljava/lang/Class;+0 java.base@21.0.9
j  java.lang.Class.forName(Ljava/lang/String;ZLjava/lang/ClassLoader;Ljava/lang/Class;)Ljava/lang/Class;+37 java.base@21.0.9
j  java.lang.Class.forName(Ljava/lang/String;ZLjava/lang/ClassLoader;)Ljava/lang/Class;+20 java.base@21.0.9
j  sun.launcher.LauncherHelper.loadMainClass(ILjava/lang/String;)Ljava/lang/Class;+95 java.base@21.0.9
j  sun.launcher.LauncherHelper.checkAndLoadMain(ZILjava/lang/String;)Ljava/lang/Class;+42 java.base@21.0.9
v  ~StubRoutines::call_stub 0x00000235b71f100d
invokestatic  184 invokestatic  [0x00000235b7207fe0, 0x00000235b72082a8]  712 bytes
[MachCode]
  0x00000235b7207fe0: 4883 ec08 | c5fa 1104 | 24eb 1f48 | 83ec 10c5 | fb11 0424 | eb14 4883 | ec10 4889 | 0424 48c7 
  0x00000235b7208000: 4424 0800 | 0000 00eb | 0150 4c89 | 6dc0 410f | b755 0148 | 8b4d d0c1 | e202 8b5c | d138 c1eb 
  0x00000235b7208020: 1081 e3ff | 0000 0081 | fbb8 0000 | 000f 84b4 | 0000 00bb | b800 0000 | e805 0000 | 00e9 9900 
  0x00000235b7208040: 0000 488b | d348 8d44 | 2408 4c89 | 6dc0 498b | cfc5 f877 | 4989 afa8 | 0300 0049 | 8987 9803 
  0x00000235b7208060: 0000 4883 | ec20 40f6 | c40f 0f84 | 1900 0000 | 4883 ec08 | 48b8 40fa | 3089 fc7f | 0000 ffd0 
  0x00000235b7208080: 4883 c408 | e90c 0000 | 0048 b840 | fa30 89fc | 7f00 00ff | d048 83c4 | 2049 c787 | 9803 0000 
  0x00000235b72080a0: 0000 0000 | 49c7 87a8 | 0300 0000 | 0000 0049 | c787 a003 | 0000 0000 | 0000 c5f8 | 7749 837f 
  0x00000235b72080c0: 0800 0f84 | 0500 0000 | e933 8efe | ff4c 8b6d | c04c 8b75 | c84e 8d74 | f500 c341 | 0fb7 5501 
  0x00000235b72080e0: 488b 4dd0 | c1e2 0248 | 8b5c d140 | 488b 5b08 | 488b 5b08 | 488b 5b18 | 80bb 3101 | 0000 040f 
  0x00000235b7208100: 840d 0000 | 004c 3bbb | 3801 0000 | 0f85 21ff | ffff 488b | 5cd1 408b | 54d1 50c1 | ea1c 49ba 
  0x00000235b7208120: 40d4 bf89 | fc7f 0000 | 498b 14d2 | 5248 8b45 | d848 85c0 | 0f84 1200 | 0000 4883 | 4008 0148 
  0x00000235b7208140: 8358 0800 | 4883 c010 | 4889 45d8 | 488b 45d8 | 4885 c00f | 843d 0100 | 0080 78f0 | 0a0f 8533 
  0x00000235b7208160: 0100 0048 | 83c0 084c | 8b68 f841 | 83ed 0041 | 83fd 020f | 8c12 0100 | 004c 8b6b | 0845 0fb7 
  0x00000235b7208180: 6d2e 4c2b | 2841 83ed | 014e 8b6c | ec08 4d85 | ed75 0ef6 | 4008 0175 | 58f0 4883 | 4808 01eb 
  0x00000235b72081a0: 5045 8b6d | 0849 ba00 | 0000 c435 | 0200 004d | 03ea 4d8b | d54c 3368 | 0849 f7c5 | fcff ffff 
  0x00000235b72081c0: 742f 41f6 | c502 7529 | 4883 7808 | 0074 1e48 | 8378 0801 | 7417 4d8b | ea4c 3368 | 0849 f7c5 
  0x00000235b72081e0: fcff ffff | 740b 4883 | 4808 02eb | 044c 8968 | 0848 83c0 | 104c 8b68 | e841 83ed | 0241 83fd 
  0x00000235b7208200: 020f 8c84 | 0000 004c | 8b6b 0845 | 0fb7 6d2e | 4c2b 2841 | 83ed 014e | 8b6c ec08 | 4d85 ed75 
  0x00000235b7208220: 0ef6 4008 | 0175 58f0 | 4883 4808 | 01eb 5045 | 8b6d 0849 | ba00 0000 | c435 0200 | 004d 03ea 
  0x00000235b7208240: 4d8b d54c | 3368 0849 | f7c5 fcff | ffff 742f | 41f6 c502 | 7529 4883 | 7808 0074 | 1e48 8378 
  0x00000235b7208260: 0801 7417 | 4d8b ea4c | 3368 0849 | f7c5 fcff | ffff 740b | 4883 4808 | 02eb 044c | 8968 0848 
  0x00000235b7208280: 83c0 104c | 8b68 d841 | 83ed 0441 | c1e5 0349 | 03c5 4889 | 45d8 4c8d | 6c24 084c | 896d f0ff 
  0x00000235b72082a0: 6350 660f | 1f44 0000 
[/MachCode]

---------------  P R O C E S S  ---------------

Threads class SMR info:
_java_thread_list=0x000002360a325540, length=11, elements={
0x00000235acab9ed0, 0x00000235aca2b610, 0x00000235aca2fdc0, 0x00000235aca336c0,
0x00000235aca36120, 0x00000235aca36b70, 0x00000235aca375c0, 0x00000235aca383f0,
0x000002360a044810, 0x000002360a222c90, 0x000002360a3272e0
}

Java Threads: ( => current thread )
=>0x00000235acab9ed0 JavaThread "main"                              [_thread_in_vm, id=19360, stack(0x000000738d800000,0x000000738d900000) (1024K)]
  0x00000235aca2b610 JavaThread "Reference Handler"          daemon [_thread_blocked, id=10796, stack(0x000000738dc00000,0x000000738dd00000) (1024K)]
  0x00000235aca2fdc0 JavaThread "Finalizer"                  daemon [_thread_blocked, id=18572, stack(0x000000738dd00000,0x000000738de00000) (1024K)]
  0x00000235aca336c0 JavaThread "Signal Dispatcher"          daemon [_thread_blocked, id=6692, stack(0x000000738de00000,0x000000738df00000) (1024K)]
  0x00000235aca36120 JavaThread "Attach Listener"            daemon [_thread_blocked, id=15092, stack(0x000000738df00000,0x000000738e000000) (1024K)]
  0x00000235aca36b70 JavaThread "Service Thread"             daemon [_thread_blocked, id=8508, stack(0x000000738e000000,0x000000738e100000) (1024K)]
  0x00000235aca375c0 JavaThread "Monitor Deflation Thread"   daemon [_thread_blocked, id=12792, stack(0x000000738e100000,0x000000738e200000) (1024K)]
  0x00000235aca383f0 JavaThread "C2 CompilerThread0"         daemon [_thread_blocked, id=17476, stack(0x000000738e200000,0x000000738e300000) (1024K)]
  0x000002360a044810 JavaThread "C1 CompilerThread0"         daemon [_thread_blocked, id=21712, stack(0x000000738e300000,0x000000738e400000) (1024K)]
  0x000002360a222c90 JavaThread "Common-Cleaner"             daemon [_thread_blocked, id=6244, stack(0x000000738e400000,0x000000738e500000) (1024K)]
  0x000002360a3272e0 JavaThread "Notification Thread"        daemon [_thread_blocked, id=13136, stack(0x000000738e500000,0x000000738e600000) (1024K)]
Total: 11

Other Threads:
  0x00000235aca12600 VMThread "VM Thread"                           [id=23480, stack(0x000000738db00000,0x000000738dc00000) (1024K)]
  0x00000235ac94ca10 WatcherThread "VM Periodic Task Thread"        [id=17928, stack(0x000000738da00000,0x000000738db00000) (1024K)]
  0x00000235acad8da0 WorkerThread "GC Thread#0"                     [id=8312, stack(0x000000738d900000,0x000000738da00000) (1024K)]
Total: 3

Threads with active compile tasks:
Total: 0

VM state: not at safepoint (normal execution)

VM Mutex/Monitor currently owned by a thread:  ([mutex/lock_event])
[0x00007ffc89beb4f0] Metaspace_lock - owner thread: 0x00000235acab9ed0

Heap address: 0x0000000080000000, size: 2048 MB, Compressed Oops mode: 32-bit

CDS archive(s) mapped at: [0x00000235c4000000-0x00000235c4ba0000-0x00000235c4ba0000), size 12189696, SharedBaseAddress: 0x00000235c4000000, ArchiveRelocationMode: 1.
Compressed class space mapped at: 0x00000235c5000000-0x0000023605000000, reserved size: 1073741824
Narrow klass base: 0x00000235c4000000, Narrow klass shift: 0, Narrow klass range: 0x100000000

GC Precious Log:
 CardTable entry size: 512
 CPUs: 8 total, 8 available
 Memory: 14237M
 Large Page Support: Disabled
 NUMA Support: Disabled
 Compressed Oops: Enabled (32-bit)
 Alignments: Space 512K, Generation 512K, Heap 2M
 Heap Min Capacity: 100M
 Heap Initial Capacity: 100M
 Heap Max Capacity: 2G
 Pre-touch: Disabled
 Parallel Workers: 8

Heap:
 PSYoungGen      total 29696K, used 10775K [0x00000000d5580000, 0x00000000d7680000, 0x0000000100000000)
  eden space 25600K, 42% used [0x00000000d5580000,0x00000000d6005d48,0x00000000d6e80000)
  from space 4096K, 0% used [0x00000000d7280000,0x00000000d7280000,0x00000000d7680000)
  to   space 4096K, 0% used [0x00000000d6e80000,0x00000000d6e80000,0x00000000d7280000)
 ParOldGen       total 68608K, used 0K [0x0000000080000000, 0x0000000084300000, 0x00000000d5580000)
  object space 68608K, 0% used [0x0000000080000000,0x0000000080000000,0x0000000084300000)
 Metaspace       used 1469K, committed 1664K, reserved 1114112K
  class space    used 139K, committed 256K, reserved 1048576K

Card table byte_map: [0x00000235ac460000,0x00000235ac870000] _byte_map_base: 0x00000235ac060000

Marking Bits: (ParMarkBitMap*) 0x00007ffc89bf2460
 Begin Bits: [0x00000235bef70000, 0x00000235c0f70000)
 End Bits:   [0x00000235c0f70000, 0x00000235c2f70000)

Polling page: 0x00000235aa930000

Metaspace:

Usage:
  Non-class:      1.30 MB used.
      Class:    139.57 KB used.
       Both:      1.43 MB used.

Virtual space:
  Non-class space:       64.00 MB reserved,       1.38 MB (  2%) committed,  1 nodes.
      Class space:        1.00 GB reserved,     256.00 KB ( <1%) committed,  1 nodes.
             Both:        1.06 GB reserved,       1.62 MB ( <1%) committed. 

Chunk freelists:
   Non-Class:  11.66 MB
       Class:  15.67 MB
        Both:  27.33 MB

MaxMetaspaceSize: unlimited
CompressedClassSpaceSize: 1.00 GB
Initial GC threshold: 21.00 MB
Current GC threshold: 21.00 MB
CDS: on
 - commit_granule_bytes: 65536.
 - commit_granule_words: 8192.
 - virtual_space_node_default_size: 8388608.
 - enlarge_chunks_in_place: 1.
 - use_allocation_guard: 0.


Internal statistics:

num_allocs_failed_limit: 0.
num_arena_births: 74.
num_arena_deaths: 0.
num_vsnodes_births: 2.
num_vsnodes_deaths: 0.
num_space_committed: 26.
num_space_uncommitted: 0.
num_chunks_returned_to_freelist: 0.
num_chunks_taken_from_freelist: 96.
num_chunk_merges: 0.
num_chunk_splits: 67.
num_chunks_enlarged: 43.
num_inconsistent_stats: 0.

CodeHeap 'non-profiled nmethods': size=120000Kb used=212Kb max_used=212Kb free=119787Kb
 bounds [0x00000235b7790000, 0x00000235b7a00000, 0x00000235becc0000]
CodeHeap 'profiled nmethods': size=120000Kb used=873Kb max_used=873Kb free=119126Kb
 bounds [0x00000235afcc0000, 0x00000235aff30000, 0x00000235b71f0000]
CodeHeap 'non-nmethods': size=5760Kb used=1153Kb max_used=1167Kb free=4606Kb
 bounds [0x00000235b71f0000, 0x00000235b7460000, 0x00000235b7790000]
CodeCache: size=245760Kb, used=2238Kb, max_used=2252Kb, free=243519Kb
 total_blobs=1000, nmethods=597, adapters=310, full_count=0
Compilation: enabled, stopped_count=0, restarted_count=0

Compilation events (20 events):
Event: 2.538 Thread 0x000002360a044810  588       3       java.util.Objects::nonNull (10 bytes)
Event: 2.538 Thread 0x000002360a044810 nmethod 588 0x00000235afd93e10 code [0x00000235afd93fa0, 0x00000235afd940e0]
Event: 2.553 Thread 0x000002360a044810  589       3       sun.security.util.KnownOIDs::register (349 bytes)
Event: 2.558 Thread 0x000002360a044810 nmethod 589 0x00000235afd94190 code [0x00000235afd948e0, 0x00000235afd97ee8]
Event: 2.565 Thread 0x000002360a044810  590       3       java.util.Locale::getLanguage (8 bytes)
Event: 2.566 Thread 0x000002360a044810 nmethod 590 0x00000235afd99310 code [0x00000235afd994a0, 0x00000235afd995d0]
Event: 2.580 Thread 0x000002360a044810  591       1       java.util.LinkedHashMap::removeEldestEntry (2 bytes)
Event: 2.580 Thread 0x000002360a044810 nmethod 591 0x00000235b77c4110 code [0x00000235b77c42a0, 0x00000235b77c4368]
Event: 2.595 Thread 0x000002360a044810  592       3       java.lang.Integer::numberOfLeadingZeros (79 bytes)
Event: 2.595 Thread 0x000002360a044810 nmethod 592 0x00000235afd99690 code [0x00000235afd99840, 0x00000235afd99ae8]
Event: 2.601 Thread 0x000002360a044810  593       3       java.util.HashMap$EntryIterator::next (5 bytes)
Event: 2.601 Thread 0x000002360a044810 nmethod 593 0x00000235afd99b90 code [0x00000235afd99d40, 0x00000235afd99ed8]
Event: 2.620 Thread 0x00000235aca383f0  594       4       java.lang.CharacterDataLatin1::toUpperCaseEx (71 bytes)
Event: 2.622 Thread 0x00000235aca383f0 nmethod 594 0x00000235b77c4410 code [0x00000235b77c45a0, 0x00000235b77c46a8]
Event: 2.623 Thread 0x00000235aca383f0  595       4       java.lang.StringLatin1::hashCode (52 bytes)
Event: 2.625 Thread 0x00000235aca383f0 nmethod 595 0x00000235b77c4790 code [0x00000235b77c4940, 0x00000235b77c4bd8]
Event: 2.625 Thread 0x00000235aca383f0  596       4       jdk.internal.util.ArraysSupport::vectorizedHashCode (158 bytes)
Event: 2.627 Thread 0x000002360a044810  597  s    3       java.util.Properties::put (10 bytes)
Event: 2.628 Thread 0x000002360a044810 nmethod 597 0x00000235afd99f90 code [0x00000235afd9a140, 0x00000235afd9a3b8]
Event: 2.631 Thread 0x00000235aca383f0 nmethod 596 0x00000235b77c4c90 code [0x00000235b77c4e20, 0x00000235b77c5010]

GC Heap History (0 events):
No events

Dll operation events (8 events):
Event: 0.037 Loaded shared library c:\Users\HP\.antigravity\extensions\redhat.java-1.52.0-win32-x64\jre\21.0.9-win32-x86_64\bin\java.dll
Event: 0.701 Loaded shared library c:\Users\HP\.antigravity\extensions\redhat.java-1.52.0-win32-x64\jre\21.0.9-win32-x86_64\bin\zip.dll
Event: 0.945 Loaded shared library C:\Users\HP\.antigravity\extensions\redhat.java-1.52.0-win32-x64\jre\21.0.9-win32-x86_64\bin\instrument.dll
Event: 1.030 Loaded shared library C:\Users\HP\.antigravity\extensions\redhat.java-1.52.0-win32-x64\jre\21.0.9-win32-x86_64\bin\net.dll
Event: 1.039 Loaded shared library C:\Users\HP\.antigravity\extensions\redhat.java-1.52.0-win32-x64\jre\21.0.9-win32-x86_64\bin\nio.dll
Event: 1.051 Loaded shared library C:\Users\HP\.antigravity\extensions\redhat.java-1.52.0-win32-x64\jre\21.0.9-win32-x86_64\bin\zip.dll
Event: 1.159 Loaded shared library C:\Users\HP\.antigravity\extensions\redhat.java-1.52.0-win32-x64\jre\21.0.9-win32-x86_64\bin\jimage.dll
Event: 1.526 Loaded shared library c:\Users\HP\.antigravity\extensions\redhat.java-1.52.0-win32-x64\jre\21.0.9-win32-x86_64\bin\verify.dll

Deoptimization events (20 events):
Event: 1.176 Thread 0x00000235acab9ed0 DEOPT PACKING pc=0x00000235afcf9149 sp=0x000000738d8fe850
Event: 1.176 Thread 0x00000235acab9ed0 DEOPT UNPACKING pc=0x00000235b7244242 sp=0x000000738d8fdcd8 mode 0
Event: 1.177 Thread 0x00000235acab9ed0 DEOPT PACKING pc=0x00000235afcf9149 sp=0x000000738d8fe850
Event: 1.177 Thread 0x00000235acab9ed0 DEOPT UNPACKING pc=0x00000235b7244242 sp=0x000000738d8fdcd8 mode 0
Event: 1.179 Thread 0x00000235acab9ed0 DEOPT PACKING pc=0x00000235afcf9149 sp=0x000000738d8fe850
Event: 1.179 Thread 0x00000235acab9ed0 DEOPT UNPACKING pc=0x00000235b7244242 sp=0x000000738d8fdcd8 mode 0
Event: 1.180 Thread 0x00000235acab9ed0 DEOPT PACKING pc=0x00000235afcf9149 sp=0x000000738d8fe850
Event: 1.180 Thread 0x00000235acab9ed0 DEOPT UNPACKING pc=0x00000235b7244242 sp=0x000000738d8fdcd8 mode 0
Event: 2.124 Thread 0x00000235acab9ed0 DEOPT PACKING pc=0x00000235afcf57d8 sp=0x000000738d8fc590
Event: 2.124 Thread 0x00000235acab9ed0 DEOPT UNPACKING pc=0x00000235b7244242 sp=0x000000738d8fba50 mode 0
Event: 2.125 Thread 0x00000235acab9ed0 Uncommon trap: trap_request=0xffffff45 fr.pc=0x00000235b779e290 relative=0x00000000000005f0
Event: 2.125 Thread 0x00000235acab9ed0 Uncommon trap: reason=unstable_if action=reinterpret pc=0x00000235b779e290 method=java.util.HashMap.putVal(ILjava/lang/Object;Ljava/lang/Object;ZZ)Ljava/lang/Object; @ 69 c2
Event: 2.126 Thread 0x00000235acab9ed0 DEOPT PACKING pc=0x00000235b779e290 sp=0x000000738d8fe6e0
Event: 2.126 Thread 0x00000235acab9ed0 DEOPT UNPACKING pc=0x00000235b7243aa2 sp=0x000000738d8fe650 mode 2
Event: 2.213 Thread 0x00000235acab9ed0 DEOPT PACKING pc=0x00000235afd6400d sp=0x000000738d8fa430
Event: 2.213 Thread 0x00000235acab9ed0 DEOPT UNPACKING pc=0x00000235b7244242 sp=0x000000738d8f98e0 mode 0
Event: 2.227 Thread 0x00000235acab9ed0 Uncommon trap: trap_request=0xffffff45 fr.pc=0x00000235b77a1660 relative=0x00000000000000c0
Event: 2.227 Thread 0x00000235acab9ed0 Uncommon trap: reason=unstable_if action=reinterpret pc=0x00000235b77a1660 method=java.lang.String.isLatin1()Z @ 10 c2
Event: 2.227 Thread 0x00000235acab9ed0 DEOPT PACKING pc=0x00000235b77a1660 sp=0x000000738d8ff3e0
Event: 2.227 Thread 0x00000235acab9ed0 DEOPT UNPACKING pc=0x00000235b7243aa2 sp=0x000000738d8ff320 mode 2

Classes loaded (20 events):
Event: 2.391 Loading class sun/security/util/KnownOIDs$7 done
Event: 2.391 Loading class sun/security/util/KnownOIDs$8
Event: 2.393 Loading class sun/security/util/KnownOIDs$8 done
Event: 2.393 Loading class sun/security/util/KnownOIDs$9
Event: 2.393 Loading class sun/security/util/KnownOIDs$9 done
Event: 2.394 Loading class sun/security/util/KnownOIDs$10
Event: 2.394 Loading class sun/security/util/KnownOIDs$10 done
Event: 2.596 Loading class java/util/LinkedHashMap$LinkedKeySet
Event: 2.598 Loading class java/util/LinkedHashMap$LinkedKeySet done
Event: 2.598 Loading class java/util/LinkedHashMap$LinkedKeyIterator
Event: 2.599 Loading class java/util/LinkedHashMap$LinkedKeyIterator done
Event: 2.628 Loading class sun/security/pkcs/PKCS7
Event: 2.629 Loading class sun/security/pkcs/PKCS7 done
Event: 2.630 Loading class sun/security/util/DerInputStream
Event: 2.630 Loading class sun/security/util/DerInputStream done
Event: 2.630 Loading class sun/security/pkcs/ContentInfo
Event: 2.631 Loading class sun/security/util/DerEncoder
Event: 2.631 Loading class sun/security/util/DerEncoder done
Event: 2.631 Loading class sun/security/pkcs/ContentInfo done
Event: 2.631 Loading class sun/security/util/ObjectIdentifier

Classes unloaded (0 events):
No events

Classes redefined (0 events):
No events

Internal exceptions (11 events):
Event: 0.678 Thread 0x00000235acab9ed0 Exception <a 'java/lang/NoSuchMethodError'{0x00000000d57a90e0}: 'void java.lang.invoke.DirectMethodHandle$Holder.invokeStatic(java.lang.Object, java.lang.Object, java.lang.Object)'> (0x00000000d57a90e0) 
thrown [s\src\hotspot\share\interpreter\linkResolver.cpp, line 773]
Event: 1.113 Thread 0x00000235acab9ed0 Exception <a 'java/lang/NoSuchMethodError'{0x00000000d5912038}: 'java.lang.Object java.lang.invoke.Invokers$Holder.invokeExact_MT(java.lang.Object, java.lang.Object, java.lang.Object, java.lang.Object, java.lang.Object)'> (0x00000000d5912038) 
thrown [s\src\hotspot\share\interpreter\linkResolver.cpp, line 773]
Event: 1.349 Thread 0x00000235acab9ed0 Exception <a 'java/lang/NoSuchMethodError'{0x00000000d59ca228}: 'int java.lang.invoke.DirectMethodHandle$Holder.invokeSpecial(java.lang.Object, java.lang.Object, java.lang.Object, int)'> (0x00000000d59ca228) 
thrown [s\src\hotspot\share\interpreter\linkResolver.cpp, line 773]
Event: 1.358 Thread 0x00000235acab9ed0 Exception <a 'java/lang/NoSuchMethodError'{0x00000000d59dcc10}: 'java.lang.Object java.lang.invoke.DirectMethodHandle$Holder.invokeStatic(java.lang.Object, java.lang.Object, java.lang.Object, java.lang.Object, int)'> (0x00000000d59dcc10) 
thrown [s\src\hotspot\share\interpreter\linkResolver.cpp, line 773]
Event: 1.364 Thread 0x00000235acab9ed0 Exception <a 'java/lang/NoSuchMethodError'{0x00000000d59e80b8}: 'void java.lang.invoke.DelegatingMethodHandle$Holder.reinvoke_L(java.lang.Object, java.lang.Object, java.lang.Object, int, java.lang.Object)'> (0x00000000d59e80b8) 
thrown [s\src\hotspot\share\interpreter\linkResolver.cpp, line 773]
Event: 1.375 Thread 0x00000235acab9ed0 Exception <a 'java/lang/NoSuchMethodError'{0x00000000d59f8a08}: 'int java.lang.invoke.DirectMethodHandle$Holder.invokeSpecial(java.lang.Object, java.lang.Object, java.lang.Object)'> (0x00000000d59f8a08) 
thrown [s\src\hotspot\share\interpreter\linkResolver.cpp, line 773]
Event: 1.390 Thread 0x00000235acab9ed0 Exception <a 'java/lang/NoSuchMethodError'{0x00000000d5a046c8}: 'java.lang.Object java.lang.invoke.DirectMethodHandle$Holder.invokeStatic(java.lang.Object, java.lang.Object, int)'> (0x00000000d5a046c8) 
thrown [s\src\hotspot\share\interpreter\linkResolver.cpp, line 773]
Event: 1.409 Thread 0x00000235acab9ed0 Exception <a 'java/lang/NoSuchMethodError'{0x00000000d5a09018}: 'void java.lang.invoke.DirectMethodHandle$Holder.invokeStatic(java.lang.Object, java.lang.Object, int, java.lang.Object)'> (0x00000000d5a09018) 
thrown [s\src\hotspot\share\interpreter\linkResolver.cpp, line 773]
Event: 1.411 Thread 0x00000235acab9ed0 Exception <a 'java/lang/NoSuchMethodError'{0x00000000d5a0cba8}: 'void java.lang.invoke.DirectMethodHandle$Holder.invokeSpecial(java.lang.Object, java.lang.Object, java.lang.Object, int, java.lang.Object)'> (0x00000000d5a0cba8) 
thrown [s\src\hotspot\share\interpreter\linkResolver.cpp, line 773]
Event: 1.414 Thread 0x00000235acab9ed0 Exception <a 'java/lang/NoSuchMethodError'{0x00000000d5a10018}: 'void java.lang.invoke.DelegatingMethodHandle$Holder.delegate(java.lang.Object, java.lang.Object, int, java.lang.Object)'> (0x00000000d5a10018) 
thrown [s\src\hotspot\share\interpreter\linkResolver.cpp, line 773]
Event: 1.748 Thread 0x00000235acab9ed0 Exception <a 'java/lang/NoSuchMethodError'{0x00000000d5bcf388}: 'void java.lang.invoke.DelegatingMethodHandle$Holder.reinvoke_L(java.lang.Object, java.lang.Object, java.lang.Object, int)'> (0x00000000d5bcf388) 
thrown [s\src\hotspot\share\interpreter\linkResolver.cpp, line 773]

ZGC Phase Switch (0 events):
No events

VM Operations (8 events):
Event: 0.695 Executing VM operation: HandshakeAllThreads (Deoptimize)
Event: 0.695 Executing VM operation: HandshakeAllThreads (Deoptimize) done
Event: 1.209 Executing VM operation: HandshakeAllThreads (Deoptimize)
Event: 1.209 Executing VM operation: HandshakeAllThreads (Deoptimize) done
Event: 1.209 Executing VM operation: Cleanup
Event: 1.209 Executing VM operation: Cleanup done
Event: 2.218 Executing VM operation: Cleanup
Event: 2.218 Executing VM operation: Cleanup done

Memory protections (0 events):
No events

Nmethod flushes (0 events):
No events

Events (15 events):
Event: 0.134 Thread 0x00000235acab9ed0 Thread added: 0x00000235acab9ed0
Event: 0.200 Thread 0x00000235acab9ed0 Thread added: 0x00000235aca2b610
Event: 0.201 Thread 0x00000235acab9ed0 Thread added: 0x00000235aca2fdc0
Event: 0.202 Thread 0x00000235acab9ed0 Thread added: 0x00000235aca336c0
Event: 0.202 Thread 0x00000235acab9ed0 Thread added: 0x00000235aca36120
Event: 0.202 Thread 0x00000235acab9ed0 Thread added: 0x00000235aca36b70
Event: 0.202 Thread 0x00000235acab9ed0 Thread added: 0x00000235aca375c0
Event: 0.203 Thread 0x00000235acab9ed0 Thread added: 0x00000235aca383f0
Event: 0.234 Thread 0x00000235acab9ed0 Thread added: 0x000002360a044810
Event: 0.826 Thread 0x000002360a044810 Thread added: 0x000002360a2341c0
Event: 0.949 Thread 0x000002360a2341c0 Thread exited: 0x000002360a2341c0
Event: 0.974 Thread 0x00000235acab9ed0 Thread added: 0x000002360a222c90
Event: 2.224 Thread 0x00000235acab9ed0 Thread added: 0x000002360a3272e0
Event: 2.266 Thread 0x000002360a044810 Thread added: 0x000002360a4a48c0
Event: 2.595 Thread 0x000002360a4a48c0 Thread exited: 0x000002360a4a48c0


Dynamic libraries:
0x00007ff6b2a60000 - 0x00007ff6b2a6e000 	c:\Users\HP\.antigravity\extensions\redhat.java-1.52.0-win32-x64\jre\21.0.9-win32-x86_64\bin\java.exe
0x00007ffcd8de0000 - 0x00007ffcd9048000 	C:\WINDOWS\SYSTEM32\ntdll.dll
0x00007ffcd7ae0000 - 0x00007ffcd7ba9000 	C:\WINDOWS\System32\KERNEL32.DLL
0x00007ffcd5770000 - 0x00007ffcd5b61000 	C:\WINDOWS\System32\KERNELBASE.dll
0x00007ffcd6970000 - 0x00007ffcd6abb000 	C:\WINDOWS\System32\ucrtbase.dll
0x00007ffccd000000 - 0x00007ffccd018000 	c:\Users\HP\.antigravity\extensions\redhat.java-1.52.0-win32-x64\jre\21.0.9-win32-x86_64\bin\jli.dll
0x00007ffcd8bd0000 - 0x00007ffcd8d96000 	C:\WINDOWS\System32\USER32.dll
0x00007ffcd6b50000 - 0x00007ffcd6b77000 	C:\WINDOWS\System32\win32u.dll
0x00007ffcd8b30000 - 0x00007ffcd8b5b000 	C:\WINDOWS\System32\GDI32.dll
0x00007ffcd5e50000 - 0x00007ffcd5f7b000 	C:\WINDOWS\System32\gdi32full.dll
0x00007ffcd5ce0000 - 0x00007ffcd5d83000 	C:\WINDOWS\System32\msvcp_win.dll
0x00007ffccd4a0000 - 0x00007ffccd4be000 	c:\Users\HP\.antigravity\extensions\redhat.java-1.52.0-win32-x64\jre\21.0.9-win32-x86_64\bin\VCRUNTIME140.dll
0x00007ffcbb900000 - 0x00007ffcbbb93000 	C:\WINDOWS\WinSxS\amd64_microsoft.windows.common-controls_6595b64144ccf1df_6.0.26100.7705_none_3e06597ae3363b04\COMCTL32.dll
0x00007ffcd8260000 - 0x00007ffcd8309000 	C:\WINDOWS\System32\msvcrt.dll
0x00007ffcd7d00000 - 0x00007ffcd7d31000 	C:\WINDOWS\System32\IMM32.DLL
0x00007ffcd09a0000 - 0x00007ffcd09ac000 	c:\Users\HP\.antigravity\extensions\redhat.java-1.52.0-win32-x64\jre\21.0.9-win32-x86_64\bin\vcruntime140_1.dll
0x00007ffcc22c0000 - 0x00007ffcc234d000 	c:\Users\HP\.antigravity\extensions\redhat.java-1.52.0-win32-x64\jre\21.0.9-win32-x86_64\bin\msvcp140.dll
0x00007ffc88f30000 - 0x00007ffc89cd0000 	c:\Users\HP\.antigravity\extensions\redhat.java-1.52.0-win32-x64\jre\21.0.9-win32-x86_64\bin\server\jvm.dll
0x00007ffcd8070000 - 0x00007ffcd8124000 	C:\WINDOWS\System32\ADVAPI32.dll
0x00007ffcd7910000 - 0x00007ffcd79b6000 	C:\WINDOWS\System32\sechost.dll
0x00007ffcd8130000 - 0x00007ffcd8248000 	C:\WINDOWS\System32\RPCRT4.dll
0x00007ffcd7bb0000 - 0x00007ffcd7c24000 	C:\WINDOWS\System32\WS2_32.dll
0x00007ffcd5540000 - 0x00007ffcd559e000 	C:\WINDOWS\SYSTEM32\POWRPROF.dll
0x00007ffccf670000 - 0x00007ffccf67b000 	C:\WINDOWS\SYSTEM32\VERSION.dll
0x00007ffccf610000 - 0x00007ffccf645000 	C:\WINDOWS\SYSTEM32\WINMM.dll
0x00007ffcd5520000 - 0x00007ffcd5534000 	C:\WINDOWS\SYSTEM32\UMPDC.dll
0x00007ffcd4430000 - 0x00007ffcd444b000 	C:\WINDOWS\SYSTEM32\kernel.appcore.dll
0x00007ffcd05a0000 - 0x00007ffcd05aa000 	c:\Users\HP\.antigravity\extensions\redhat.java-1.52.0-win32-x64\jre\21.0.9-win32-x86_64\bin\jimage.dll
0x00007ffcd3590000 - 0x00007ffcd37d2000 	C:\WINDOWS\SYSTEM32\DBGHELP.DLL
0x00007ffcd87a0000 - 0x00007ffcd8b26000 	C:\WINDOWS\System32\combase.dll
0x00007ffcd7830000 - 0x00007ffcd7907000 	C:\WINDOWS\System32\OLEAUT32.dll
0x00007ffcbf160000 - 0x00007ffcbf19b000 	C:\WINDOWS\SYSTEM32\dbgcore.DLL
0x00007ffcd56c0000 - 0x00007ffcd5765000 	C:\WINDOWS\System32\bcryptPrimitives.dll
0x00007ffcd03e0000 - 0x00007ffcd03ef000 	c:\Users\HP\.antigravity\extensions\redhat.java-1.52.0-win32-x64\jre\21.0.9-win32-x86_64\bin\instrument.dll
0x00007ffccc3f0000 - 0x00007ffccc410000 	c:\Users\HP\.antigravity\extensions\redhat.java-1.52.0-win32-x64\jre\21.0.9-win32-x86_64\bin\java.dll
0x00007ffcd6c90000 - 0x00007ffcd73e1000 	C:\WINDOWS\System32\SHELL32.dll
0x00007ffcd5b70000 - 0x00007ffcd5cda000 	C:\WINDOWS\System32\wintypes.dll
0x00007ffcd5f80000 - 0x00007ffcd67e2000 	C:\WINDOWS\System32\windows.storage.dll
0x00007ffcd79c0000 - 0x00007ffcd7ab6000 	C:\WINDOWS\System32\SHCORE.dll
0x00007ffcd8b60000 - 0x00007ffcd8bc7000 	C:\WINDOWS\System32\shlwapi.dll
0x00007ffcd55e0000 - 0x00007ffcd5609000 	C:\WINDOWS\SYSTEM32\profapi.dll
0x00007ffcc42b0000 - 0x00007ffcc42c8000 	c:\Users\HP\.antigravity\extensions\redhat.java-1.52.0-win32-x64\jre\21.0.9-win32-x86_64\bin\zip.dll
0x00007ffccf6f0000 - 0x00007ffccf700000 	C:\Users\HP\.antigravity\extensions\redhat.java-1.52.0-win32-x64\jre\21.0.9-win32-x86_64\bin\net.dll
0x00007ffccbf70000 - 0x00007ffccc097000 	C:\WINDOWS\SYSTEM32\WINHTTP.dll
0x00007ffcd4980000 - 0x00007ffcd49eb000 	C:\WINDOWS\system32\mswsock.dll
0x00007ffcc4290000 - 0x00007ffcc42a6000 	C:\Users\HP\.antigravity\extensions\redhat.java-1.52.0-win32-x64\jre\21.0.9-win32-x86_64\bin\nio.dll
0x00007ffccf690000 - 0x00007ffccf6a0000 	c:\Users\HP\.antigravity\extensions\redhat.java-1.52.0-win32-x64\jre\21.0.9-win32-x86_64\bin\verify.dll

JVMTI agents:
c:\Users\HP\.antigravity\extensions\redhat.java-1.52.0-win32-x64\lombok\lombok-1.18.39-4050.jar path:c:\Users\HP\.antigravity\extensions\redhat.java-1.52.0-win32-x64\jre\21.0.9-win32-x86_64\bin\instrument.dll, loaded, initialized, instrumentlib options:none

dbghelp: loaded successfully - version: 4.0.5 - missing functions: none
symbol engine: initialized successfully - sym options: 0x614 - pdb path: .;c:\Users\HP\.antigravity\extensions\redhat.java-1.52.0-win32-x64\jre\21.0.9-win32-x86_64\bin;C:\WINDOWS\SYSTEM32;C:\WINDOWS\WinSxS\amd64_microsoft.windows.common-controls_6595b64144ccf1df_6.0.26100.7705_none_3e06597ae3363b04;c:\Users\HP\.antigravity\extensions\redhat.java-1.52.0-win32-x64\jre\21.0.9-win32-x86_64\bin\server

VM Arguments:
jvm_args: --add-modules=ALL-SYSTEM --add-opens=java.base/java.util=ALL-UNNAMED --add-opens=java.base/java.lang=ALL-UNNAMED --add-opens=java.base/sun.nio.fs=ALL-UNNAMED -Declipse.application=org.eclipse.jdt.ls.core.id1 -Dosgi.bundles.defaultStartLevel=4 -Declipse.product=org.eclipse.jdt.ls.core.product -Djava.import.generatesMetadataFilesAtProjectRoot=false -DDetectVMInstallationsJob.disabled=true -Dfile.encoding=utf8 -XX:+UseParallelGC -XX:GCTimeRatio=4 -XX:AdaptiveSizePolicyWeight=90 -Dsun.zip.disableMemoryMapping=true -Xmx2G -Xms100m -Xlog:disable -javaagent:c:\Users\HP\.antigravity\extensions\redhat.java-1.52.0-win32-x64\lombok\lombok-1.18.39-4050.jar 
java_command: c:\Users\HP\.antigravity\extensions\redhat.java-1.52.0-win32-x64\server\plugins\org.eclipse.equinox.launcher_1.7.100.v20251111-0406.jar -configuration c:\Users\HP\AppData\Roaming\Antigravity\User\globalStorage\redhat.java\1.52.0\config_ss_win -data c:\Users\HP\AppData\Roaming\Antigravity\User\workspaceStorage\08e2c12bba08467b2caabdd76bf546a4\redhat.java\ss_ws --pipe=\\.\pipe\lsp-bcc52196f310688f4367aadea8e996db-sock
java_class_path (initial): c:\Users\HP\.antigravity\extensions\redhat.java-1.52.0-win32-x64\server\plugins\org.eclipse.equinox.launcher_1.7.100.v20251111-0406.jar
Launcher Type: SUN_STANDARD

[Global flags]
    uintx AdaptiveSizePolicyWeight                 = 90                                        {product} {command line}
     intx CICompilerCount                          = 4                                         {product} {ergonomic}
    uintx GCTimeRatio                              = 4                                         {product} {command line}
   size_t InitialHeapSize                          = 104857600                                 {product} {command line}
   size_t MaxHeapSize                              = 2147483648                                {product} {command line}
   size_t MaxNewSize                               = 715653120                                 {product} {ergonomic}
   size_t MinHeapDeltaBytes                        = 524288                                    {product} {ergonomic}
   size_t MinHeapSize                              = 104857600                                 {product} {command line}
   size_t NewSize                                  = 34603008                                  {product} {ergonomic}
    uintx NonNMethodCodeHeapSize                   = 5839372                                {pd product} {ergonomic}
    uintx NonProfiledCodeHeapSize                  = 122909434                              {pd product} {ergonomic}
   size_t OldSize                                  = 70254592                                  {product} {ergonomic}
    uintx ProfiledCodeHeapSize                     = 122909434                              {pd product} {ergonomic}
    uintx ReservedCodeCacheSize                    = 251658240                              {pd product} {ergonomic}
     bool SegmentedCodeCache                       = true                                      {product} {ergonomic}
   size_t SoftMaxHeapSize                          = 2147483648                             {manageable} {ergonomic}
     bool UseCompressedOops                        = true                           {product lp64_product} {ergonomic}
     bool UseLargePagesIndividualAllocation        = false                                  {pd product} {ergonomic}
     bool UseParallelGC                            = true                                      {product} {command line}

Logging:
Log output configuration:
 #0: stdout all=off uptime,level,tags foldmultilines=false
 #1: stderr all=off uptime,level,tags foldmultilines=false

Release file:
JAVA_VERSION="21.0.9" 
MODULES="java.base java.compiler java.datatransfer java.xml java.prefs java.desktop java.instrument java.logging java.management java.security.sasl java.naming java.rmi java.management.rmi java.net.http java.scripting java.security.jgss java.transaction.xa java.sql java.sql.rowset java.xml.crypto java.se java.smartcardio jdk.accessibility jdk.internal.jvmstat jdk.attach jdk.charsets jdk.internal.opt jdk.zipfs jdk.compiler jdk.crypto.ec jdk.crypto.cryptoki jdk.crypto.mscapi jdk.dynalink jdk.internal.ed jdk.editpad jdk.hotspot.agent jdk.httpserver jdk.internal.le jdk.internal.vm.ci jdk.internal.vm.compiler jdk.internal.vm.compiler.management jdk.jartool jdk.javadoc jdk.jcmd jdk.management jdk.management.agent jdk.jconsole jdk.jdeps jdk.jdwp.agent jdk.jdi jdk.jfr jdk.jshell jdk.jsobject jdk.jstatd jdk.localedata jdk.management.jfr jdk.naming.dns jdk.naming.rmi jdk.net jdk.nio.mapmode jdk.random jdk.sctp jdk.security.auth jdk.security.jgss jdk.unsupported jdk.unsupported.desktop jdk.xml.dom" 

Environment Variables:
PATH=C:\Python313\Scripts\;C:\Python313\;C:\Program Files\Common Files\Oracle\Java\javapath;C:\oraclexe\app\oracle\product\11.2.0\server\bin;C:\WINDOWS\system32;C:\WINDOWS;C:\WINDOWS\System32\Wbem;C:\WINDOWS\System32\WindowsPowerShell\v1.0\;C:\WINDOWS\System32\OpenSSH\;C:\Program Files\Java\jdk-21\bin;C:\Program Files\Java\jdk-21\bin;C:\Program Files\nodejs\;C:\ProgramData\chocolatey\bin;C:\Program Files\Git\cmd;C:\Users\HP\AppData\Local\Programs\Python\Launcher\;C:\Users\HP\AppData\Local\Microsoft\WindowsApps;C:\Users\HP\AppData\Local\Programs\Microsoft VS Code\bin;C:\Users\HP\AppData\Roaming\npm;C:\Users\HP\AppData\Local\GitHubDesktop\bin;C:\ProgramData\HP\GitHubDesktop\bin;D:\app\Kiro\bin;C:\Users\HP\AppData\Local\Programs\Antigravity\bin
USERNAME=HP
OS=Windows_NT
PROCESSOR_IDENTIFIER=AMD64 Family 23 Model 24 Stepping 1, AuthenticAMD
TMP=C:\Users\HP\AppData\Local\Temp
TEMP=C:\Users\HP\AppData\Local\Temp




Periodic native trim disabled

---------------  S Y S T E M  ---------------

OS:
 Windows 11 , 64 bit Build 26100 (10.0.26100.7705)
OS uptime: 6 days 12:22 hours
Hyper-V role detected

CPU: total 8 (initial active 8) (8 cores per cpu, 2 threads per core) family 23 model 24 stepping 1 microcode 0x810810e, cx8, cmov, fxsr, ht, mmx, 3dnowpref, sse, sse2, sse3, ssse3, sse4a, sse4.1, sse4.2, popcnt, lzcnt, tsc, tscinvbit, avx, avx2, aes, clmul, bmi1, bmi2, adx, sha, fma, vzeroupper, clflush, clflushopt, hv, rdtscp, f16c
Processor Information for the first 8 processors :
  Max Mhz: 2100, Current Mhz: 2100, Mhz Limit: 2100

Memory: 4k page, system-wide physical 14237M (3742M free)
TotalPageFile size 15916M (AvailPageFile size 171M)
current process WorkingSet (physical memory assigned to process): 51M, peak: 52M
current process commit charge ("private bytes"): 226M, peak: 227M

vm_info: OpenJDK 64-Bit Server VM (21.0.9+10-LTS) for windows-amd64 JRE (21.0.9+10-LTS), built on 2025-10-21T00:00:00Z by "admin" with unknown MS VC++:1942

END.
